2024-09-18 21:46:38,689 INFO o.a.j.u.JMeterUtils: Setting Locale to en_EN
2024-09-18 21:46:38,731 INFO o.a.j.JMeter: Loading user properties from: D:\apache-jmeter-5.5\bin\user.properties
2024-09-18 21:46:38,732 INFO o.a.j.JMeter: Loading system properties from: D:\apache-jmeter-5.5\bin\system.properties
2024-09-18 21:46:38,749 INFO o.a.j.JMeter: Copyright (c) 1998-2022 The Apache Software Foundation
2024-09-18 21:46:38,749 INFO o.a.j.JMeter: Version 5.5
2024-09-18 21:46:38,749 INFO o.a.j.JMeter: java.version=17.0.11
2024-09-18 21:46:38,749 INFO o.a.j.JMeter: java.vm.name=Java HotSpot(TM) 64-Bit Server VM
2024-09-18 21:46:38,749 INFO o.a.j.JMeter: os.name=Windows 10
2024-09-18 21:46:38,750 INFO o.a.j.JMeter: os.arch=amd64
2024-09-18 21:46:38,750 INFO o.a.j.JMeter: os.version=10.0
2024-09-18 21:46:38,751 INFO o.a.j.JMeter: file.encoding=Cp1252
2024-09-18 21:46:38,751 INFO o.a.j.JMeter: java.awt.headless=true
2024-09-18 21:46:38,751 INFO o.a.j.JMeter: Max memory     =1073741824
2024-09-18 21:46:38,751 INFO o.a.j.JMeter: Available Processors =8
2024-09-18 21:46:38,770 INFO o.a.j.JMeter: Default Locale=English (EN)
2024-09-18 21:46:38,771 INFO o.a.j.JMeter: JMeter  Locale=English (EN)
2024-09-18 21:46:38,771 INFO o.a.j.JMeter: JMeterHome=D:\apache-jmeter-5.5
2024-09-18 21:46:38,771 INFO o.a.j.JMeter: user.dir  =D:\apache-jmeter-5.5\bin\dmoney
2024-09-18 21:46:38,771 INFO o.a.j.JMeter: PWD       =D:\apache-jmeter-5.5\bin\dmoney
2024-09-18 21:46:38,778 INFO o.a.j.JMeter: IP: 192.168.0.102 Name: DESKTOP-R4GUK7N FullName: DESKTOP-R4GUK7N
2024-09-18 21:46:38,793 INFO o.a.j.JMeter: Setting property 'jmeter.reportgenerator.outputdir' to:'D:\apache-jmeter-5.5\bin\dmoney\Reports'
2024-09-18 21:46:38,797 INFO o.a.j.s.FileServer: Default base='D:\apache-jmeter-5.5\bin\dmoney'
2024-09-18 21:46:38,798 INFO o.a.j.s.FileServer: Set new base='D:\apache-jmeter-5.5\bin\dmoney\.'
2024-09-18 21:46:39,219 INFO o.a.j.s.SaveService: Testplan (JMX) version: 2.2. Testlog (JTL) version: 2.2
2024-09-18 21:46:39,289 INFO o.a.j.s.SaveService: Using SaveService properties version 5.0
2024-09-18 21:46:39,295 INFO o.a.j.s.SaveService: Using SaveService properties file encoding UTF-8
2024-09-18 21:46:39,299 INFO o.a.j.s.SaveService: Loading file: .\dmoney.jmx
2024-09-18 21:46:39,418 INFO o.a.j.p.h.s.HTTPSamplerBase: Parser for text/html is org.apache.jmeter.protocol.http.parser.LagartoBasedHtmlParser
2024-09-18 21:46:39,418 INFO o.a.j.p.h.s.HTTPSamplerBase: Parser for application/xhtml+xml is org.apache.jmeter.protocol.http.parser.LagartoBasedHtmlParser
2024-09-18 21:46:39,419 INFO o.a.j.p.h.s.HTTPSamplerBase: Parser for application/xml is org.apache.jmeter.protocol.http.parser.LagartoBasedHtmlParser
2024-09-18 21:46:39,419 INFO o.a.j.p.h.s.HTTPSamplerBase: Parser for text/xml is org.apache.jmeter.protocol.http.parser.LagartoBasedHtmlParser
2024-09-18 21:46:39,419 INFO o.a.j.p.h.s.HTTPSamplerBase: Parser for text/vnd.wap.wml is org.apache.jmeter.protocol.http.parser.RegexpHTMLParser
2024-09-18 21:46:39,419 INFO o.a.j.p.h.s.HTTPSamplerBase: Parser for text/css is org.apache.jmeter.protocol.http.parser.CssParser
2024-09-18 21:46:39,580 INFO o.a.j.JMeter: Creating summariser <summary>
2024-09-18 21:46:39,586 INFO o.a.j.r.d.ReportGenerator: ReportGenerator will use for Parsing the separator: ','
2024-09-18 21:46:39,586 INFO o.a.j.r.d.ReportGenerator: Will generate report at end of test from  results file: .\dmoney.jtl
2024-09-18 21:46:39,586 INFO o.a.j.r.d.ReportGenerator: Reading report generator properties from: D:\apache-jmeter-5.5\bin\reportgenerator.properties
2024-09-18 21:46:39,604 INFO o.a.j.r.d.ReportGenerator: Merging with JMeter properties
2024-09-18 21:46:39,612 INFO o.a.j.r.c.ReportGeneratorConfiguration: Property 'jmeter.reportgenerator.temp_dir' not found, using default value 'temp' instead.
2024-09-18 21:46:39,617 INFO o.a.j.r.c.ReportGeneratorConfiguration: Property 'jmeter.reportgenerator.apdex_per_transaction' not found, using default value 'null' instead.
2024-09-18 21:46:39,617 INFO o.a.j.r.c.ReportGeneratorConfiguration: apdex_per_transaction is empty, not APDEX per transaction customization
2024-09-18 21:46:39,618 INFO o.a.j.r.c.ReportGeneratorConfiguration: Property 'jmeter.reportgenerator.sample_filter' not found, using default value 'null' instead.
2024-09-18 21:46:39,618 INFO o.a.j.r.c.ReportGeneratorConfiguration: Property 'jmeter.reportgenerator.report_title' not found, using default value 'null' instead.
2024-09-18 21:46:39,618 INFO o.a.j.r.c.ReportGeneratorConfiguration: Property 'jmeter.reportgenerator.start_date' not found, using default value 'null' instead.
2024-09-18 21:46:39,618 INFO o.a.j.r.c.ReportGeneratorConfiguration: Property 'jmeter.reportgenerator.end_date' not found, using default value 'null' instead.
2024-09-18 21:46:39,618 INFO o.a.j.r.c.ReportGeneratorConfiguration: Property 'jmeter.reportgenerator.date_format' not found, using default value 'null' instead.
2024-09-18 21:46:39,619 INFO o.a.j.r.c.ReportGeneratorConfiguration: Will use date range start date: null, end date: null
2024-09-18 21:46:39,628 INFO o.a.j.r.c.ReportGeneratorConfiguration: Property 'jmeter.reportgenerator.graph.totalTPS.exclude_controllers' not found, using default value 'false' instead.
2024-09-18 21:46:39,628 INFO o.a.j.r.c.ReportGeneratorConfiguration: Property 'jmeter.reportgenerator.graph.activeThreadsOverTime.exclude_controllers' not found, using default value 'false' instead.
2024-09-18 21:46:39,628 INFO o.a.j.r.c.ReportGeneratorConfiguration: Property 'jmeter.reportgenerator.graph.timeVsThreads.exclude_controllers' not found, using default value 'false' instead.
2024-09-18 21:46:39,628 INFO o.a.j.r.c.ReportGeneratorConfiguration: Property 'jmeter.reportgenerator.graph.responseTimeDistribution.exclude_controllers' not found, using default value 'false' instead.
2024-09-18 21:46:39,629 INFO o.a.j.r.c.ReportGeneratorConfiguration: Property 'jmeter.reportgenerator.graph.transactionsPerSecond.exclude_controllers' not found, using default value 'false' instead.
2024-09-18 21:46:39,629 INFO o.a.j.r.c.ReportGeneratorConfiguration: Property 'jmeter.reportgenerator.graph.responseTimePercentiles.exclude_controllers' not found, using default value 'false' instead.
2024-09-18 21:46:39,629 INFO o.a.j.r.c.ReportGeneratorConfiguration: Property 'jmeter.reportgenerator.graph.responseTimePercentilesOverTime.exclude_controllers' not found, using default value 'false' instead.
2024-09-18 21:46:39,629 INFO o.a.j.r.c.ReportGeneratorConfiguration: Property 'jmeter.reportgenerator.graph.responseTimesOverTime.exclude_controllers' not found, using default value 'false' instead.
2024-09-18 21:46:39,630 INFO o.a.j.r.c.ReportGeneratorConfiguration: Property 'jmeter.reportgenerator.graph.connectTimeOverTime.exclude_controllers' not found, using default value 'false' instead.
2024-09-18 21:46:39,630 INFO o.a.j.r.c.ReportGeneratorConfiguration: Property 'jmeter.reportgenerator.graph.latenciesOverTime.exclude_controllers' not found, using default value 'false' instead.
2024-09-18 21:46:39,631 INFO o.a.j.r.c.ReportGeneratorConfiguration: Property 'jmeter.reportgenerator.exporter.json.filters_only_sample_series' not found, using default value 'true' instead.
2024-09-18 21:46:39,632 INFO o.a.j.r.c.ReportGeneratorConfiguration: Property 'jmeter.reportgenerator.exporter.json.series_filter' not found, using default value '' instead.
2024-09-18 21:46:39,632 INFO o.a.j.r.c.ReportGeneratorConfiguration: Property 'jmeter.reportgenerator.exporter.json.show_controllers_only' not found, using default value 'false' instead.
2024-09-18 21:46:39,632 INFO o.a.j.r.c.ReportGeneratorConfiguration: Property 'jmeter.reportgenerator.exporter.html.filters_only_sample_series' not found, using default value 'true' instead.
2024-09-18 21:46:39,633 INFO o.a.j.r.c.ReportGeneratorConfiguration: Property 'jmeter.reportgenerator.exporter.html.series_filter' not found, using default value '' instead.
2024-09-18 21:46:39,633 INFO o.a.j.r.c.ReportGeneratorConfiguration: Property 'jmeter.reportgenerator.exporter.html.show_controllers_only' not found, using default value 'false' instead.
2024-09-18 21:46:39,655 INFO o.a.j.e.StandardJMeterEngine: Running the test!
2024-09-18 21:46:39,656 INFO o.a.j.s.SampleEvent: List of sample_variables: []
2024-09-18 21:46:39,656 INFO o.a.j.s.SampleEvent: List of sample_variables: []
2024-09-18 21:46:39,667 INFO o.a.j.e.u.CompoundVariable: Note: Function class names must contain the string: '.functions.'
2024-09-18 21:46:39,667 INFO o.a.j.e.u.CompoundVariable: Note: Function class names must not contain the string: '.gui.'
2024-09-18 21:46:39,786 INFO o.a.j.JMeter: Running test (1726674399786)
2024-09-18 21:46:39,820 INFO o.a.j.e.StandardJMeterEngine: Starting ThreadGroup: 1 : Deposit
2024-09-18 21:46:39,820 INFO o.a.j.e.StandardJMeterEngine: Starting 1 threads for group Deposit.
2024-09-18 21:46:39,821 INFO o.a.j.e.StandardJMeterEngine: Thread will continue on error
2024-09-18 21:46:39,821 INFO o.a.j.t.ThreadGroup: Starting thread group... number=1 threads=1 ramp-up=120 delayedStart=false
2024-09-18 21:46:39,831 INFO o.a.j.t.ThreadGroup: Started thread group number 1
2024-09-18 21:46:39,831 INFO o.a.j.e.StandardJMeterEngine: Starting ThreadGroup: 2 : Send Money
2024-09-18 21:46:39,831 INFO o.a.j.e.StandardJMeterEngine: Starting 1 threads for group Send Money.
2024-09-18 21:46:39,831 INFO o.a.j.e.StandardJMeterEngine: Thread will continue on error
2024-09-18 21:46:39,831 INFO o.a.j.t.ThreadGroup: Starting thread group... number=2 threads=1 ramp-up=120 delayedStart=false
2024-09-18 21:46:39,832 INFO o.a.j.t.ThreadGroup: Started thread group number 2
2024-09-18 21:46:39,833 INFO o.a.j.e.StandardJMeterEngine: Starting ThreadGroup: 3 : Payment
2024-09-18 21:46:39,833 INFO o.a.j.e.StandardJMeterEngine: Starting 1 threads for group Payment.
2024-09-18 21:46:39,833 INFO o.a.j.e.StandardJMeterEngine: Thread will continue on error
2024-09-18 21:46:39,833 INFO o.a.j.t.ThreadGroup: Starting thread group... number=3 threads=1 ramp-up=120 delayedStart=false
2024-09-18 21:46:39,834 INFO o.a.j.t.ThreadGroup: Started thread group number 3
2024-09-18 21:46:39,834 INFO o.a.j.e.StandardJMeterEngine: Starting ThreadGroup: 4 : Withdraw
2024-09-18 21:46:39,834 INFO o.a.j.e.StandardJMeterEngine: Starting 1 threads for group Withdraw.
2024-09-18 21:46:39,834 INFO o.a.j.e.StandardJMeterEngine: Thread will continue on error
2024-09-18 21:46:39,834 INFO o.a.j.t.ThreadGroup: Starting thread group... number=4 threads=1 ramp-up=120 delayedStart=false
2024-09-18 21:46:39,835 INFO o.a.j.t.ThreadGroup: Started thread group number 4
2024-09-18 21:46:39,835 INFO o.a.j.e.StandardJMeterEngine: All thread groups have been started
2024-09-18 21:46:39,916 INFO o.a.j.t.JMeterThread: Thread started: Payment 3-1
2024-09-18 21:46:39,916 INFO o.a.j.t.JMeterThread: Thread started: Deposit 1-1
2024-09-18 21:46:39,916 INFO o.a.j.t.JMeterThread: Thread started: Send Money 2-1
2024-09-18 21:46:39,916 INFO o.a.j.t.JMeterThread: Thread started: Withdraw 4-1
2024-09-18 21:46:40,832 INFO o.a.j.p.h.s.HTTPHCAbstractImpl: Local host = DESKTOP-R4GUK7N
2024-09-18 21:46:40,853 INFO o.a.j.p.h.s.HTTPHC4Impl: HTTP request retry count = 0
2024-09-18 21:46:40,857 INFO o.a.j.s.SampleResult: Note: Sample TimeStamps are START times
2024-09-18 21:46:40,857 INFO o.a.j.s.SampleResult: sampleresult.default.encoding is set to ISO-8859-1
2024-09-18 21:46:40,858 INFO o.a.j.s.SampleResult: sampleresult.useNanoTime=true
2024-09-18 21:46:40,858 INFO o.a.j.s.SampleResult: sampleresult.nanoThreadSleep=5000
2024-09-18 21:46:44,897 INFO o.a.j.s.FileServer: Stored: D:/apache-jmeter-5.5/bin/dmoney/payment.csv
2024-09-18 21:46:45,139 INFO o.a.j.s.FileServer: Stored: D:/apache-jmeter-5.5/bin/dmoney/deposit.csv
2024-09-18 21:46:45,651 INFO o.a.j.s.FileServer: Stored: D:/apache-jmeter-5.5/bin/dmoney/sendmoney.csv
2024-09-18 21:46:45,879 INFO o.a.j.s.FileServer: Stored: D:/apache-jmeter-5.5/bin/dmoney/Withdraw.csv
2024-09-18 21:46:47,425 INFO o.a.j.p.h.s.h.LazyLayeredConnectionSocketFactory: Setting up HTTPS TrustAll Socket Factory
2024-09-18 21:46:47,446 INFO o.a.j.u.JsseSSLManager: Using default SSL protocol: TLS
2024-09-18 21:46:47,446 INFO o.a.j.u.JsseSSLManager: SSL session context: per-thread
2024-09-18 21:46:47,672 INFO o.a.j.u.SSLManager: JmeterKeyStore Location:  type JKS
2024-09-18 21:46:47,679 INFO o.a.j.u.SSLManager: KeyStore created OK
2024-09-18 21:46:47,679 WARN o.a.j.u.SSLManager: Keystore file not found, loading empty keystore
2024-09-18 21:46:51,042 INFO o.a.j.t.JMeterThread: Thread is done: Withdraw 4-1
2024-09-18 21:46:51,042 INFO o.a.j.t.JMeterThread: Thread finished: Withdraw 4-1
2024-09-18 21:46:59,674 INFO o.a.j.t.JMeterThread: Thread is done: Payment 3-1
2024-09-18 21:46:59,675 INFO o.a.j.t.JMeterThread: Thread finished: Payment 3-1
2024-09-18 21:47:00,160 INFO o.a.j.r.Summariser: summary +     27 in 00:00:20 =    1.3/s Avg:   110 Min:    29 Max:   914 Err:     0 (0.00%) Active: 2 Started: 4 Finished: 2
2024-09-18 21:47:02,094 INFO o.a.j.t.JMeterThread: Thread is done: Deposit 1-1
2024-09-18 21:47:02,094 INFO o.a.j.t.JMeterThread: Thread finished: Deposit 1-1
2024-09-18 21:47:03,932 INFO o.a.j.t.JMeterThread: Thread is done: Send Money 2-1
2024-09-18 21:47:03,932 INFO o.a.j.t.JMeterThread: Thread finished: Send Money 2-1
2024-09-18 21:47:03,934 INFO o.a.j.e.StandardJMeterEngine: Notifying test listeners of end of test
2024-09-18 21:47:03,935 INFO o.a.j.s.FileServer: Close: D:/apache-jmeter-5.5/bin/dmoney/deposit.csv
2024-09-18 21:47:03,939 INFO o.a.j.s.FileServer: Close: D:/apache-jmeter-5.5/bin/dmoney/sendmoney.csv
2024-09-18 21:47:03,939 INFO o.a.j.s.FileServer: Close: D:/apache-jmeter-5.5/bin/dmoney/payment.csv
2024-09-18 21:47:03,940 INFO o.a.j.s.FileServer: Close: D:/apache-jmeter-5.5/bin/dmoney/Withdraw.csv
2024-09-18 21:47:03,943 INFO o.a.j.r.Summariser: summary +      3 in 00:00:04 =    0.8/s Avg:    55 Min:    44 Max:    76 Err:     0 (0.00%) Active: 0 Started: 4 Finished: 4
2024-09-18 21:47:03,945 INFO o.a.j.r.Summariser: summary =     30 in 00:00:24 =    1.2/s Avg:   104 Min:    29 Max:   914 Err:     0 (0.00%)
2024-09-18 21:47:03,947 INFO o.a.j.JMeter: Generating Dashboard
2024-09-18 21:47:03,947 INFO o.a.j.r.d.ReportGenerator: Flushing result collector before report Generation
2024-09-18 21:47:04,033 INFO o.a.j.r.p.NormalizerSampleConsumer: Using format, 'ms', to parse timeStamp field
2024-09-18 21:47:04,220 INFO o.a.j.r.p.AbstractSampleConsumer: class org.apache.jmeter.report.processor.AggregateConsumer#stopProducing(): beginDate produced 0 samples
2024-09-18 21:47:04,220 INFO o.a.j.r.p.AbstractSampleConsumer: class org.apache.jmeter.report.processor.AggregateConsumer#stopProducing(): endDate produced 0 samples
2024-09-18 21:47:04,227 INFO o.a.j.r.p.AbstractSampleConsumer: class org.apache.jmeter.report.processor.ApdexSummaryConsumer#stopProducing(): apdexSummary produced 0 samples
2024-09-18 21:47:04,227 INFO o.a.j.r.p.AbstractSampleConsumer: class org.apache.jmeter.report.processor.RequestsSummaryConsumer#stopProducing(): requestsSummary produced 0 samples
2024-09-18 21:47:04,236 INFO o.a.j.r.p.AbstractSampleConsumer: class org.apache.jmeter.report.processor.StatisticsSummaryConsumer#stopProducing(): statisticsSummary produced 0 samples
2024-09-18 21:47:04,240 INFO o.a.j.r.p.AbstractSampleConsumer: class org.apache.jmeter.report.processor.Top5ErrorsBySamplerConsumer#stopProducing(): top5ErrorsBySampler produced 0 samples
2024-09-18 21:47:04,241 INFO o.a.j.r.p.AbstractSampleConsumer: class org.apache.jmeter.report.processor.ErrorsSummaryConsumer#stopProducing(): errorsSummary produced 0 samples
2024-09-18 21:47:04,241 INFO o.a.j.r.p.AbstractSampleConsumer: class org.apache.jmeter.report.processor.graph.impl.HitsPerSecondGraphConsumer#stopProducing(): hitsPerSecond produced 0 samples
2024-09-18 21:47:04,286 INFO o.a.j.r.p.AbstractSampleConsumer: class org.apache.jmeter.report.processor.graph.impl.LatencyVSRequestGraphConsumer#stopProducing(): latencyVsRequest produced 0 samples
2024-09-18 21:47:04,287 INFO o.a.j.r.p.AbstractSampleConsumer: class org.apache.jmeter.report.processor.graph.impl.SyntheticResponseTimeDistributionGraphConsumer#stopProducing(): syntheticResponseTimeDistribution produced 0 samples
2024-09-18 21:47:04,288 INFO o.a.j.r.p.AbstractSampleConsumer: class org.apache.jmeter.report.processor.graph.impl.BytesThroughputGraphConsumer#stopProducing(): bytesThroughputOverTime produced 0 samples
2024-09-18 21:47:04,288 INFO o.a.j.r.p.AbstractSampleConsumer: class org.apache.jmeter.report.processor.graph.impl.CodesPerSecondGraphConsumer#stopProducing(): codesPerSecond produced 0 samples
2024-09-18 21:47:04,297 INFO o.a.j.r.p.AbstractSampleConsumer: class org.apache.jmeter.report.processor.graph.impl.ResponseTimeVSRequestGraphConsumer#stopProducing(): responseTimeVsRequest produced 0 samples
2024-09-18 21:47:04,298 INFO o.a.j.r.p.AbstractSampleConsumer: class org.apache.jmeter.report.processor.FilterConsumer#stopProducing(): startIntervalControlerFilter produced 210 samples
2024-09-18 21:47:04,298 INFO o.a.j.r.p.AbstractSampleConsumer: class org.apache.jmeter.report.processor.graph.impl.TotalTPSGraphConsumer#stopProducing(): totalTPS produced 0 samples
2024-09-18 21:47:04,298 INFO o.a.j.r.p.AbstractSampleConsumer: class org.apache.jmeter.report.processor.graph.impl.ActiveThreadsGraphConsumer#stopProducing(): activeThreadsOverTime produced 0 samples
2024-09-18 21:47:04,298 INFO o.a.j.r.p.AbstractSampleConsumer: class org.apache.jmeter.report.processor.graph.impl.TimeVSThreadGraphConsumer#stopProducing(): timeVsThreads produced 0 samples
2024-09-18 21:47:04,299 INFO o.a.j.r.p.AbstractSampleConsumer: class org.apache.jmeter.report.processor.graph.impl.ResponseTimeDistributionGraphConsumer#stopProducing(): responseTimeDistribution produced 0 samples
2024-09-18 21:47:04,299 INFO o.a.j.r.p.AbstractSampleConsumer: class org.apache.jmeter.report.processor.graph.impl.TransactionsPerSecondGraphConsumer#stopProducing(): transactionsPerSecond produced 0 samples
2024-09-18 21:47:04,300 INFO o.a.j.r.p.AbstractSampleConsumer: class org.apache.jmeter.report.processor.graph.impl.ResponseTimePercentilesGraphConsumer#stopProducing(): responseTimePercentiles produced 0 samples
2024-09-18 21:47:04,304 INFO o.a.j.r.p.AbstractSampleConsumer: class org.apache.jmeter.report.processor.graph.impl.ResponseTimePercentilesOverTimeGraphConsumer#stopProducing(): responseTimePercentilesOverTime produced 0 samples
2024-09-18 21:47:04,304 INFO o.a.j.r.p.AbstractSampleConsumer: class org.apache.jmeter.report.processor.graph.impl.ResponseTimeOverTimeGraphConsumer#stopProducing(): responseTimesOverTime produced 0 samples
2024-09-18 21:47:04,304 INFO o.a.j.r.p.AbstractSampleConsumer: class org.apache.jmeter.report.processor.graph.impl.ConnectTimeOverTimeGraphConsumer#stopProducing(): connectTimeOverTime produced 0 samples
2024-09-18 21:47:04,305 INFO o.a.j.r.p.AbstractSampleConsumer: class org.apache.jmeter.report.processor.graph.impl.LatencyOverTimeGraphConsumer#stopProducing(): latenciesOverTime produced 0 samples
2024-09-18 21:47:04,305 INFO o.a.j.r.p.AbstractSampleConsumer: class org.apache.jmeter.report.processor.FilterConsumer#stopProducing(): nameFilter produced 450 samples
2024-09-18 21:47:04,305 INFO o.a.j.r.p.AbstractSampleConsumer: class org.apache.jmeter.report.processor.FilterConsumer#stopProducing(): dateRangeFilter produced 90 samples
2024-09-18 21:47:04,305 INFO o.a.j.r.p.AbstractSampleConsumer: class org.apache.jmeter.report.processor.NormalizerSampleConsumer#stopProducing(): normalizer produced 30 samples
2024-09-18 21:47:04,306 INFO o.a.j.r.p.CsvFileSampleSource: produce(): 30 samples produced in 185ms on channel 0
2024-09-18 21:47:04,306 INFO o.a.j.r.d.ReportGenerator: Exporting data using exporter:'json' of className:'org.apache.jmeter.report.dashboard.JsonExporter'
2024-09-18 21:47:04,539 INFO o.a.j.r.d.JsonExporter: Found data for consumer statisticsSummary in context
2024-09-18 21:47:04,539 INFO o.a.j.r.d.JsonExporter: Creating statistics for overall
2024-09-18 21:47:04,540 INFO o.a.j.r.d.JsonExporter: Creating statistics for other transactions
2024-09-18 21:47:04,541 INFO o.a.j.r.d.JsonExporter: Checking output folder
2024-09-18 21:47:04,541 INFO o.a.j.r.d.JsonExporter: Writing statistics JSON to D:\apache-jmeter-5.5\bin\dmoney\Reports\statistics.json
2024-09-18 21:47:04,614 INFO o.a.j.r.d.ReportGenerator: Exporting data using exporter:'html' of className:'org.apache.jmeter.report.dashboard.HtmlTemplateExporter'
2024-09-18 21:47:04,617 INFO o.a.j.r.d.HtmlTemplateExporter: Will generate dashboard in folder: D:\apache-jmeter-5.5\bin\dmoney\Reports
2024-09-18 21:47:04,812 INFO o.a.j.r.d.HtmlTemplateExporter: Report will be generated in: D:\apache-jmeter-5.5\bin\dmoney\Reports, creating folder structure
2024-09-18 21:47:04,816 INFO o.a.j.r.d.TemplateVisitor: Copying folder from 'D:\apache-jmeter-5.5\bin\report-template' to 'D:\apache-jmeter-5.5\bin\dmoney\Reports', got message: D:\apache-jmeter-5.5\bin\dmoney\Reports, found non empty folder with following content [D:\apache-jmeter-5.5\bin\dmoney\Reports\statistics.json], will be ignored
2024-09-18 21:47:05,870 INFO o.a.j.JMeter: Dashboard generated
